The system is: Windows - 10.0.22000 - AMD64
Compiling the C compiler identification source file "CMakeCCompilerId.c" succeeded.
Compiler: D:/Programas/Microsoft Visual Studio/2022/Community/VC/Tools/MSVC/14.31.31103/bin/Hostx86/x86/cl.exe 
Build flags: 
Id flags:  

The output was:
0
Compilador de optimización de C/C++ de Microsoft (R) versión 19.31.31106.2 para x86
(C) Microsoft Corporation. Todos los derechos reservados.

CMakeCCompilerId.c
Microsoft (R) Incremental Linker Version 14.31.31106.2
Copyright (C) Microsoft Corporation.  All rights reserved.

/out:CMakeCCompilerId.exe 
CMakeCCompilerId.obj 


Compilation of the C compiler identification source "CMakeCCompilerId.c" produced "CMakeCCompilerId.exe"

Compilation of the C compiler identification source "CMakeCCompilerId.c" produced "CMakeCCompilerId.obj"

The C compiler identification is MSVC, found in "C:/Users/Carlos/Desktop/PlannerCode/downward/builds/release/CMakeFiles/3.22.22022201-MSVC_2/CompilerIdC/CMakeCCompilerId.exe"

Compiling the CXX compiler identification source file "CMakeCXXCompilerId.cpp" succeeded.
Compiler: D:/Programas/Microsoft Visual Studio/2022/Community/VC/Tools/MSVC/14.31.31103/bin/Hostx86/x86/cl.exe 
Build flags: 
Id flags:  

The output was:
0
Compilador de optimización de C/C++ de Microsoft (R) versión 19.31.31106.2 para x86
(C) Microsoft Corporation. Todos los derechos reservados.

CMakeCXXCompilerId.cpp
Microsoft (R) Incremental Linker Version 14.31.31106.2
Copyright (C) Microsoft Corporation.  All rights reserved.

/out:CMakeCXXCompilerId.exe 
CMakeCXXCompilerId.obj 


Compilation of the CXX compiler identification source "CMakeCXXCompilerId.cpp" produced "CMakeCXXCompilerId.exe"

Compilation of the CXX compiler identification source "CMakeCXXCompilerId.cpp" produced "CMakeCXXCompilerId.obj"

The CXX compiler identification is MSVC, found in "C:/Users/Carlos/Desktop/PlannerCode/downward/builds/release/CMakeFiles/3.22.22022201-MSVC_2/CompilerIdCXX/CMakeCXXCompilerId.exe"

Detecting C compiler ABI info compiled with the following output:
Change Dir: C:/Users/Carlos/Desktop/PlannerCode/downward/builds/release/CMakeFiles/CMakeTmp

Run Build Command(s):nmake -f Makefile /nologo cmTC_baa9f\fast && 	"D:\Programas\Microsoft Visual Studio\2022\Community\VC\Tools\MSVC\14.31.31103\bin\HostX86\x86\nmake.exe"  -f CMakeFiles\cmTC_baa9f.dir\build.make /nologo -L                  CMakeFiles\cmTC_baa9f.dir\build
Building C object CMakeFiles/cmTC_baa9f.dir/CMakeCCompilerABI.c.obj
	"D:\Programas\Microsoft Visual Studio\2022\Community\Common7\IDE\CommonExtensions\Microsoft\CMake\CMake\bin\cmake.exe" -E cmake_cl_compile_depends --dep-file=CMakeFiles\cmTC_baa9f.dir\CMakeCCompilerABI.c.obj.d --working-dir=C:\Users\Carlos\Desktop\PlannerCode\downward\builds\release\CMakeFiles\CMakeTmp --filter-prefix="Nota: inclusi¾n del archivo: " -- "D:\Programas\Microsoft Visual Studio\2022\Community\VC\Tools\MSVC\14.31.31103\bin\Hostx86\x86\cl.exe" @C:\Users\Carlos\AppData\Local\Temp\nm5E94.tmp
CMakeCCompilerABI.c
Linking C executable cmTC_baa9f.exe
	"D:\Programas\Microsoft Visual Studio\2022\Community\Common7\IDE\CommonExtensions\Microsoft\CMake\CMake\bin\cmake.exe" -E vs_link_exe --intdir=CMakeFiles\cmTC_baa9f.dir --rc="D:\Windows Kits\10\bin\10.0.19041.0\x86\rc.exe" --mt="D:\Windows Kits\10\bin\10.0.19041.0\x86\mt.exe" --manifests -- "D:\Programas\Microsoft Visual Studio\2022\Community\VC\Tools\MSVC\14.31.31103\bin\Hostx86\x86\link.exe" /nologo @CMakeFiles\cmTC_baa9f.dir\objects1.rsp @C:\Users\Carlos\AppData\Local\Temp\nm5FFD.tmp



Detecting CXX compiler ABI info compiled with the following output:
Change Dir: C:/Users/Carlos/Desktop/PlannerCode/downward/builds/release/CMakeFiles/CMakeTmp

Run Build Command(s):nmake -f Makefile /nologo cmTC_e2c07\fast && 	"D:\Programas\Microsoft Visual Studio\2022\Community\VC\Tools\MSVC\14.31.31103\bin\HostX86\x86\nmake.exe"  -f CMakeFiles\cmTC_e2c07.dir\build.make /nologo -L                  CMakeFiles\cmTC_e2c07.dir\build
Building CXX object CMakeFiles/cmTC_e2c07.dir/CMakeCXXCompilerABI.cpp.obj
	"D:\Programas\Microsoft Visual Studio\2022\Community\Common7\IDE\CommonExtensions\Microsoft\CMake\CMake\bin\cmake.exe" -E cmake_cl_compile_depends --dep-file=CMakeFiles\cmTC_e2c07.dir\CMakeCXXCompilerABI.cpp.obj.d --working-dir=C:\Users\Carlos\Desktop\PlannerCode\downward\builds\release\CMakeFiles\CMakeTmp --filter-prefix="Nota: inclusi¾n del archivo: " -- "D:\Programas\Microsoft Visual Studio\2022\Community\VC\Tools\MSVC\14.31.31103\bin\Hostx86\x86\cl.exe" @C:\Users\Carlos\AppData\Local\Temp\nm62AB.tmp
CMakeCXXCompilerABI.cpp
Linking CXX executable cmTC_e2c07.exe
	"D:\Programas\Microsoft Visual Studio\2022\Community\Common7\IDE\CommonExtensions\Microsoft\CMake\CMake\bin\cmake.exe" -E vs_link_exe --intdir=CMakeFiles\cmTC_e2c07.dir --rc="D:\Windows Kits\10\bin\10.0.19041.0\x86\rc.exe" --mt="D:\Windows Kits\10\bin\10.0.19041.0\x86\mt.exe" --manifests -- "D:\Programas\Microsoft Visual Studio\2022\Community\VC\Tools\MSVC\14.31.31103\bin\Hostx86\x86\link.exe" /nologo @CMakeFiles\cmTC_e2c07.dir\objects1.rsp @C:\Users\Carlos\AppData\Local\Temp\nm62FA.tmp



